<?xml version="1.0" encoding="UTF-8"?>
<testsuites>
  <testsuite name="Tests\Feature\RegistrationApiTest" file="D:\Code\Omnify Project\event-management\tests\Feature\RegistrationApiTest.php" tests="1" assertions="0" errors="1" failures="0" skipped="0" time="0.609413">
    <testcase name="test_register_and_duplicate" file="D:\Code\Omnify Project\event-management\tests\Feature\RegistrationApiTest.php" line="13" class="Tests\Feature\RegistrationApiTest" classname="Tests.Feature.RegistrationApiTest" assertions="0" time="0.609413">
      <error type="BadMethodCallException">Tests\Feature\RegistrationApiTest::test_register_and_duplicate&#13;
BadMethodCallException: Call to undefined method App\Models\Event::factory()
&#13;
D:\Code\Omnify Project\event-management\vendor\laravel\framework\src\Illuminate\Support\Traits\ForwardsCalls.php:67
D:\Code\Omnify Project\event-management\vendor\laravel\framework\src\Illuminate\Support\Traits\ForwardsCalls.php:36
D:\Code\Omnify Project\event-management\vendor\laravel\framework\src\Illuminate\Database\Eloquent\Model.php:2540
D:\Code\Omnify Project\event-management\vendor\laravel\framework\src\Illuminate\Database\Eloquent\Model.php:2556
D:\Code\Omnify Project\event-management\tests\Feature\RegistrationApiTest.php:15</error>
    </testcase>
  </testsuite>
</testsuites>
